WARNING:werkzeug: * Debugger is active!
INFO:werkzeug: * Debugger PIN: 450-789-410
INFO:werkzeug:[31m[1mWARNING: This is a development server. Do not use it in a production deployment. Use a production WSGI server instead.[0m
 * Running on http://127.0.0.1:5000
INFO:werkzeug:[33mPress CTRL+C to quit[0m
INFO:werkzeug: * Restarting with stat
WARNING:werkzeug: * Debugger is active!
INFO:werkzeug: * Debugger PIN: 450-789-410
2024-06-17 14:26:10,667 INFO __main__ Model loaded successfully.
2024-06-17 14:26:10,791 INFO werkzeug [31m[1mWARNING: This is a development server. Do not use it in a production deployment. Use a production WSGI server instead.[0m
 * Running on http://127.0.0.1:5000
2024-06-17 14:26:10,792 INFO werkzeug [33mPress CTRL+C to quit[0m
2024-06-17 14:26:10,802 INFO werkzeug  * Restarting with stat
2024-06-17 14:26:13,093 INFO __main__ Model loaded successfully.
2024-06-17 14:26:13,105 WARNING werkzeug  * Debugger is active!
2024-06-17 14:26:13,114 INFO werkzeug  * Debugger PIN: 450-789-410
2024-06-17 14:27:39,174 INFO werkzeug 127.0.0.1 - - [17/Jun/2024 14:27:39] "POST /optimize-schedule HTTP/1.1" 200 -
2024-06-17 14:29:59,267 INFO werkzeug 127.0.0.1 - - [17/Jun/2024 14:29:59] "POST /optimize-schedule HTTP/1.1" 200 -
2024-06-17 17:09:33,562 INFO werkzeug  * Detected change in 'C:\\Users\\HELEN\\Documents\\PipeOps_hackathon\\ai_service.py', reloading
2024-06-17 17:09:33,949 INFO werkzeug  * Restarting with stat
2024-06-17 17:09:37,042 INFO __main__ Model loaded successfully.
2024-06-17 17:09:37,055 WARNING werkzeug  * Debugger is active!
2024-06-17 17:09:37,064 INFO werkzeug  * Debugger PIN: 450-789-410
